<?xml version="1.0" encoding="UTF-8"?>
<testsuite xmlns:xsi="http://www.w3.org/2001/XMLSchema-instance" xsi:noNamespaceSchemaLocation="https://maven.apache.org/surefire/maven-surefire-plugin/xsd/surefire-test-report.xsd" version="3.0.2" name="com.example.smartphone.SmartphoneApplicationTests" time="5.729" tests="1" errors="0" skipped="0" failures="0">
  <properties>
[...]
</properties>
  <testcase name="contextLoads" classname="com.example.smartphone.SmartphoneApplicationTests" time="0.012">
    <system-out><![CDATA[22:46:46.390 [main] INFO org.springframework.test.context.support.AnnotationConfigContextLoaderUtils -- Could not detect default configuration classes for test class [com.example.smartphone.SmartphoneApplicationTests]: SmartphoneApplicationTests does not declare any static, non-private, non-final, nested classes annotated with @Configuration.
22:46:46.595 [main] INFO org.springframework.boot.test.context.SpringBootTestContextBootstrapper -- Found @SpringBootConfiguration com.example.smartphone.SmartphoneApplication for test class com.example.smartphone.SmartphoneApplicationTests

  .   ____          _            __ _ _
 /\\ / ___'_ __ _ _(_)_ __  __ _ \ \ \ \
( ( )\___ | '_ | '_| | '_ \/ _` | \ \ \ \
 \\/  ___)| |_)| | | | | || (_| |  ) ) ) )
  '  |____| .__|_| |_|_| |_\__, | / / / /
 =========|_|==============|___/=/_/_/_/

 :: Spring Boot ::               (v3.5.11)

2026-03-26T22:46:47.345+05:30  INFO 20592 --- [smartphone] [           main] c.e.s.SmartphoneApplicationTests         : Starting SmartphoneApplicationTests using Java 17.0.15 with PID 20592 (started by abhay in C:\AKY\Intelij Idea\smartphone)
2026-03-26T22:46:47.347+05:30  INFO 20592 --- [smartphone] [           main] c.e.s.SmartphoneApplicationTests         : No active profile set, falling back to 1 default profile: "default"
2026-03-26T22:46:48.271+05:30  INFO 20592 --- [smartphone] [           main] .s.d.r.c.RepositoryConfigurationDelegate : Bootstrapping Spring Data JPA repositories in DEFAULT mode.
2026-03-26T22:46:48.360+05:30  INFO 20592 --- [smartphone] [           main] .s.d.r.c.RepositoryConfigurationDelegate : Finished Spring Data repository scanning in 70 ms. Found 1 JPA repository interface.
2026-03-26T22:46:48.923+05:30  INFO 20592 --- [smartphone] [           main] o.hibernate.jpa.internal.util.LogHelper  : HHH000204: Processing PersistenceUnitInfo [name: default]
2026-03-26T22:46:49.045+05:30  INFO 20592 --- [smartphone] [           main] org.hibernate.Version                    : HHH000412: Hibernate ORM core version 6.6.42.Final
2026-03-26T22:46:49.105+05:30  INFO 20592 --- [smartphone] [           main] o.h.c.internal.RegionFactoryInitiator    : HHH000026: Second-level cache disabled
2026-03-26T22:46:49.337+05:30  INFO 20592 --- [smartphone] [           main] o.s.o.j.p.SpringPersistenceUnitInfo      : No LoadTimeWeaver setup: ignoring JPA class transformer
2026-03-26T22:46:49.389+05:30  INFO 20592 --- [smartphone] [           main] com.zaxxer.hikari.HikariDataSource       : HikariPool-1 - Starting...
2026-03-26T22:46:49.786+05:30  INFO 20592 --- [smartphone] [           main] com.zaxxer.hikari.pool.HikariPool        : HikariPool-1 - Added connection conn0: url=jdbc:h2:mem:smartphone-db user=SA
2026-03-26T22:46:49.790+05:30  INFO 20592 --- [smartphone] [           main] com.zaxxer.hikari.HikariDataSource       : HikariPool-1 - Start completed.
2026-03-26T22:46:49.841+05:30  WARN 20592 --- [smartphone] [           main] org.hibernate.orm.deprecation            : HHH90000025: H2Dialect does not need to be specified explicitly using 'hibernate.dialect' (remove the property setting and it will be selected by default)
2026-03-26T22:46:49.877+05:30  INFO 20592 --- [smartphone] [           main] org.hibernate.orm.connections.pooling    : HHH10001005: Database info:
	Database JDBC URL [Connecting through datasource 'HikariDataSource (HikariPool-1)']
	Database driver: undefined/unknown
	Database version: 2.3.232
	Autocommit mode: undefined/unknown
	Isolation level: undefined/unknown
	Minimum pool size: undefined/unknown
	Maximum pool size: undefined/unknown
2026-03-26T22:46:50.958+05:30  INFO 20592 --- [smartphone] [           main] o.h.e.t.j.p.i.JtaPlatformInitiator       : HHH000489: No JTA platform available (set 'hibernate.transaction.jta.platform' to enable JTA platform integration)
Hibernate: 
    create table products (
        id bigint generated by default as identity,
        active boolean not null,
        brand varchar(100) not null,
        created_at timestamp(6),
        description TEXT,
        model varchar(100),
        name varchar(150) not null,
        price numeric(38,2) not null,
        stock_quantity integer,
        updated_at timestamp(6),
        primary key (id)
    )
2026-03-26T22:46:51.056+05:30  INFO 20592 --- [smartphone] [           main] j.LocalContainerEntityManagerFactoryBean : Initialized JPA EntityManagerFactory for persistence unit 'default'
2026-03-26T22:46:51.418+05:30  WARN 20592 --- [smartphone] [           main] JpaBaseConfiguration$JpaWebConfiguration : spring.jpa.open-in-view is enabled by default. Therefore, database queries may be performed during view rendering. Explicitly configure spring.jpa.open-in-view to disable this warning
2026-03-26T22:46:51.810+05:30  INFO 20592 --- [smartphone] [           main] o.s.b.a.h2.H2ConsoleAutoConfiguration    : H2 console available at '/h2-console'. Database available at 'jdbc:h2:mem:smartphone-db'
2026-03-26T22:46:51.905+05:30  INFO 20592 --- [smartphone] [           main] c.e.s.SmartphoneApplicationTests         : Started SmartphoneApplicationTests in 5.021 seconds (process running for 8.252)
]]></system-out>
  </testcase>
</testsuite>